S	0	0	9	601539933	18624528
S	1	1	10	1811672719	18625568
S	2	2	10	1433451834	18626608
S	3	3	10	1786730143	18627648
S	4	4	9	114512736	18628688
S	5	5	10	1368962504	18629728
S	6	6	9	467092331	18630768
S	7	7	9	488891802	18631808
S	8	8	10	1793945324	18632848
S	9	9	9	138046783	18633888
S	10	10	9	714347909	18634928
S	11	11	9	841821105	18635968
S	12	12	8	71722879	18637008
S	13	13	10	1427003160	18638048
S	14	14	10	1334758897	18639088
S	15	15	9	948515648	18640128
S	16	16	9	983525235	18641168
S	17	17	10	1219715788	18642208
S	18	18	10	1632028866	18643248
S	19	19	10	1621341597	18644288
G	20	4	1621341597
G	21	4	1621341597
G	22	4	1621341597
G	23	4	1621341597
G	24	4	1621341597
G	25	4	1621341597
G	26	4	1621341597
G	27	4	1621341597
G	28	4	1621341597
G	29	4	1621341597
G	30	4	1621341597
G	31	4	1621341597
G	32	4	1621341597
G	33	4	1621341597
G	34	4	1621341597
G	35	4	1621341597
G	36	4	1621341597
G	37	4	1621341597
G	38	4	1621341597
G	39	4	1621341597
